<?xml version="1.0" encoding="UTF-8"?>
<!-- Generated by org.testng.reporters.JUnitReportReporter -->
<testsuite hostname="DESKTOP-9EA76GJ" name="kdf.Application" tests="1" failures="0" timestamp="26 Jan 2017 17:17:30 GMT" time="91.220" errors="0">
  <testcase name="testWebsite" time="91.220" classname="kdf.Application"/>
</testsuite> <!-- kdf.Application -->
